<?xml version="1.0" encoding="UTF-8"?>
<!-- Generated by org.testng.reporters.JUnitReportReporter -->
<testsuite hostname="OJT6" name="webTableex.webDynamicTable" tests="1" failures="0" timestamp="31 Mar 2016 06:16:22 GMT" time="4.768" errors="0">
  <testcase name="webTableTest" time="4.768" classname="webTableex.webDynamicTable"/>
</testsuite> <!-- webTableex.webDynamicTable -->
