<?xml version="1.0" encoding="UTF-8"?>
<!-- Generated by org.testng.reporters.JUnitReportReporter -->
<testsuite hostname="OJT6" name="webTableex.webTableTesting" tests="1" failures="0" timestamp="31 Mar 2016 06:15:17 GMT" time="0.168" errors="0">
  <testcase name="webtabletest" time="0.168" classname="webTableex.webTableTesting"/>
</testsuite> <!-- webTableex.webTableTesting -->
